<?xml version="1.0" encoding="UTF-8"?>
<Site BuildName="(empty)"
	BuildStamp="20241119-0151-Experimental"
	Name="woods-Legion-Y9000X-IAH7"
	Generator="ctest-3.16.3"
	CompilerName="/usr/bin/g++"
	CompilerVersion="9.4.0"
	OSName="Linux"
	Hostname="woods-Legion-Y9000X-IAH7"
	OSRelease="5.15.0-125-generic"
	OSVersion="#135~20.04.1-Ubuntu SMP Mon Oct 7 13:56:22 UTC 2024"
	OSPlatform="x86_64"
	Is64Bits="1"
	VendorString="GenuineIntel"
	VendorID="Intel Corporation"
	FamilyID="6"
	ModelID="154"
	ProcessorCacheSize="24576"
	NumberOfLogicalCPU="20"
	NumberOfPhysicalCPU="14"
	TotalVirtualMemory="15258"
	TotalPhysicalMemory="15794"
	LogicalProcessorsPerPhysical="1"
	ProcessorClockFrequency="3965.1"
	>
	<Testing>
		<StartDateTime>Nov 19 15:03 CST</StartDateTime>
		<StartTestTime>1731999827</StartTestTime>
		<TestList/>
		<EndDateTime>Nov 19 15:03 CST</EndDateTime>
		<EndTestTime>1731999827</EndTestTime>
		<ElapsedMinutes>0</ElapsedMinutes>
	</Testing>
</Site>
